 Heat Equation Example Program for DDASPK

    M+2 by M+2 mesh, M = 10,  System size NEQ = 144

    Linear solver method flag INFO(12) =  1    (0 = direct, 1 = Krylov)
    Preconditioner is a sparse approximation with ML =  1  MU =  1
    Incomplete factorization option = 1    (1 = ILUT, 2 = ILUTP)
    Tolerances are RTOL =   0.0E+00   ATOL =   0.1E-02


     t            UMAX        NQ        H        STEPS     NNI     NLI

    0.10000E-01  0.8320E+00    2     0.256E-02     12       20      16
    0.20000E-01  0.6952E+00    2     0.461E-02     15       25      25
    0.40000E-01  0.4749E+00    3     0.922E-02     18       29      32
    0.80000E-01  0.2176E+00    4     0.922E-02     23       35      43
    0.16000E+00  0.4506E-01    4     0.184E-01     28       41      59
    0.32000E+00  0.1970E-02    4     0.369E-01     36       51      82
    0.64000E+00  0.4811E-04    1     0.147E+00     41       60     107
    0.12800E+01  0.6191E-04    1     0.590E+00     43       63     113
    0.25600E+01  0.8728E-04    1     0.118E+01     44       64     116
    0.51200E+01  0.4619E-04    1     0.472E+01     46       67     124
    0.10240E+02  0.2703E-04    1     0.944E+01     47       69     128


 Final statistics for this run..
   RWORK size = 5277   IWORK size =4508
   Number of time steps ................ =   47
   Number of residual evaluations ...... =  197
   Number of res. evals. for precond.    =   54
   Number of preconditioner evaluations  =   18
   Number of preconditioner solves ..... =  197
   Number of nonlinear iterations ...... =   69
   Number of linear iterations ......... =  128
   Average Krylov subspace dimension =  1.8551
    0 nonlinear conv. failures,    0 linear conv. failures
 Minimum lengths for work arrays WP and IWP:    2448    4321
