

 Example program for DDASPK package

 Food web problem with NS species, NS =   2
 Predator-prey interaction and diffusion on a 2-D square

 Matrix parameters..  a =  0.1000E+01   e =  0.1000E+05   g =  0.5000E-06
                      b parameter =  0.1000E+01

 Diffusion coefficients.. dprey =  0.1000E+01   dpred =  0.5000E-01

 Rate parameters alpha =  0.5000E+02 and beta =  0.1000E+03

 Mesh dimensions (MX,MY) =  20  20      Total system size is NEQ =    800

 Tolerance parameters.. RTOL =  0.10E-04   ATOL =  0.10E-04

 Internal I.C. calculation flag INFO(11) = 1   (0 = off, 1 = on)
 Predator I.C. guess =  0.10E+06

 Alternate error test flag INFO(16) = 1  (0 = off, 1 = on)


................................................................................

 Linear solver method flag INFO(12) = 0   (0 = direct, 1 = Krylov)

 Difference-quotient banded Jacobian, half-bandwidths =  40


   t       NSTEP  NRE  NNI  NLI  NPE  NQ    H          AVLIN
  0.00E+00    0   252    6    0    3   0   0.10E-10   0.0000
  0.10E-07   10   739   10    0    9   2   0.51E-08   0.0000
  0.10E-06   14  1067   14    0   13   2   0.82E-07   0.0000
  0.10E-05   17  1313   17    0   16   2   0.66E-06   0.0000
  0.10E-04   20  1559   20    0   19   2   0.52E-05   0.0000
  0.10E-03   24  1890   27    0   23   2   0.84E-04   0.0000
  0.10E-02   31  1898   35    0   23   3   0.17E-03   0.0000
  0.10E-01   52  2169   63    0   26   5   0.98E-03   0.0000
  0.10E+00   87  2575  145    0   30   5   0.39E-02   0.0000
  0.10E+01  122  3112  196    0   36   1   0.25E+00   0.0000
  0.20E+01  124  3277  199    0   38   1   0.10E+01   0.0000
  0.30E+01  125  3359  200    0   39   1   0.20E+01   0.0000
  0.40E+01  125  3359  200    0   39   1   0.20E+01   0.0000
  0.50E+01  126  3441  201    0   40   1   0.40E+01   0.0000
  0.60E+01  126  3441  201    0   40   1   0.40E+01   0.0000
  0.70E+01  126  3441  201    0   40   1   0.40E+01   0.0000
  0.80E+01  126  3441  201    0   40   1   0.40E+01   0.0000
  0.90E+01  127  3523  202    0   41   1   0.81E+01   0.0000
  0.10E+02  127  3523  202    0   41   1   0.81E+01   0.0000


 Final statistics for this run..
 RWORK size =  104870   IWORK size =  1640
 Number of time steps            =  127
 Number of residual evaluations  = 3523
 Number of Jac. or prec. evals.  =   41
 Number of preconditioner solves =    0
 Number of nonlinear iterations  =  202
 Number of linear iterations     =    0
 Average Krylov subspace dimension =  0.0000
  0 nonlinear conv. failures,    0 linear conv. failures


................................................................................

 Linear solver method flag INFO(12) = 1   (0 = direct, 1 = Krylov)

 Preconditioner flag is JPRE =  3
  (1 = reaction factor A_R, 2 = spatial factor A_S, 3 = A_S*A_R, 4 = A_R*A_S )

 No block-grouping in reaction factor


   t       NSTEP  NRE  NNI  NLI  NPE  NQ    H          AVLIN
  0.00E+00    0    15    3   10    1   1   0.10E-10   3.3333
  0.10E-07   10    14   12    2    9   1   0.51E-08   0.1667
  0.10E-06   14    18   16    2   13   1   0.82E-07   0.0000
  0.10E-05   17    21   19    2   16   1   0.66E-06   0.0000
  0.10E-04   20    28   24    4   19   1   0.52E-05   0.4000
  0.10E-03   25    41   32    9   21   2   0.42E-04   0.6250
  0.10E-02   34    61   43   18   22   3   0.17E-03   0.8182
  0.10E-01   56   130   70   60   23   5   0.53E-03   1.5556
  0.10E+00   92   236  113  123   27   5   0.76E-02   1.4651
 DASPK-- Warning. Poor iterative algorithm performance                           
       at T = R1. Average no. of linear iterations = R2                          
      In above,  R1 =  0.7996805103026D+00   R2 =  0.5039999961853D+01
 DASPK-- Warning. Poor iterative algorithm performance                           
       at T = R1. Average no. of linear iterations = R2                          
      In above,  R1 =  0.8978273845367D+00   R2 =  0.5065789699554D+01
  0.10E+01  144   708  191  517   53   1   0.20E+00   5.0513
  0.20E+01  146   717  193  524   55   1   0.79E+00   3.5000
  0.30E+01  147   723  195  528   56   1   0.16E+01   2.0000
  0.40E+01  148   726  197  529   57   1   0.31E+01   0.5000
  0.50E+01  148   726  197  529   57   1   0.31E+01   0.0000
  0.60E+01  148   726  197  529   57   1   0.31E+01   0.0000
  0.70E+01  149   727  198  529   58   1   0.63E+01   0.0000
  0.80E+01  149   727  198  529   58   1   0.63E+01   0.0000
  0.90E+01  149   727  198  529   58   1   0.63E+01   0.0000
  0.10E+02  149   727  198  529   58   1   0.63E+01   0.0000


 Final statistics for this run..
 RWORK size =   16891   IWORK size =  1640
 Number of time steps            =  149
 Number of residual evaluations  =  727
 Number of Jac. or prec. evals.  =   58
 Number of preconditioner solves =  727
 Number of nonlinear iterations  =  198
 Number of linear iterations     =  529
 Average Krylov subspace dimension =  2.6717
  7 nonlinear conv. failures,    7 linear conv. failures


................................................................................

 Linear solver method flag INFO(12) = 1   (0 = direct, 1 = Krylov)

 Preconditioner flag is JPRE =  3
  (1 = reaction factor A_R, 2 = spatial factor A_S, 3 = A_S*A_R, 4 = A_R*A_S )

 Block-grouping in reaction factor
 Number of groups =   25   (NGX by NGY, NGX =  5,  NGY =  5)


   t       NSTEP  NRE  NNI  NLI  NPE  NQ    H          AVLIN
  0.00E+00    0    18    3   13    1   1   0.10E-10   4.3333
  0.10E-07   10    14   12    2    9   1   0.51E-08   0.1667
  0.10E-06   14    18   16    2   13   1   0.82E-07   0.0000
  0.10E-05   17    25   21    4   16   1   0.66E-06   0.4000
  0.10E-04   20    32   26    6   19   1   0.52E-05   0.4000
  0.10E-03   25    45   34   11   21   2   0.42E-04   0.6250
  0.10E-02   34    66   45   21   22   3   0.17E-03   0.9091
  0.10E-01   56   140   71   69   23   5   0.60E-03   1.8462
  0.10E+00   99   316  117  199   26   5   0.48E-02   2.8261
  0.10E+01  140   511  164  347   32   1   0.31E+00   3.1489
  0.20E+01  142   517  167  350   34   1   0.12E+01   1.0000
  0.30E+01  142   517  167  350   34   1   0.12E+01   0.0000
  0.40E+01  143   518  168  350   35   1   0.25E+01   0.0000
  0.50E+01  143   518  168  350   35   1   0.25E+01   0.0000
  0.60E+01  144   521  170  351   36   1   0.49E+01   0.5000
  0.70E+01  144   521  170  351   36   1   0.49E+01   0.0000
  0.80E+01  144   521  170  351   36   1   0.49E+01   0.0000
  0.90E+01  144   521  170  351   36   1   0.49E+01   0.0000
  0.10E+02  144   521  170  351   36   1   0.49E+01   0.0000


 Final statistics for this run..
 RWORK size =   15391   IWORK size =   890
 Number of time steps            =  144
 Number of residual evaluations  =  521
 Number of Jac. or prec. evals.  =   36
 Number of preconditioner solves =  521
 Number of nonlinear iterations  =  170
 Number of linear iterations     =  351
 Average Krylov subspace dimension =  2.0647
  0 nonlinear conv. failures,    0 linear conv. failures

 -------------------------------------------------------------------------------
                              At time t =   0.00000000E+00
 -------------------------------------------------------------------------------
 the species c( 1) values are 
  10.0000      10.0000      10.0000      10.0000      10.0000      10.0000    
  10.0000      10.0000      10.0000      10.0000      10.0000      10.0000    
  10.0000      10.0000      10.0000      10.0000      10.0000      10.0000    
  10.0000      10.0000    
  10.0000      10.0016      10.0056      10.0113      10.0176      10.0239    
  10.0297      10.0345      10.0378      10.0396      10.0396      10.0378    
  10.0345      10.0297      10.0239      10.0176      10.0113      10.0056    
  10.0016      10.0000    
  10.0000      10.0056      10.0201      10.0401      10.0627      10.0854    
  10.1060      10.1229      10.1349      10.1411      10.1411      10.1349    
  10.1229      10.1060      10.0854      10.0627      10.0401      10.0201    
  10.0056      10.0000    
  10.0000      10.0113      10.0401      10.0800      10.1250      10.1702    
  10.2113      10.2450      10.2689      10.2813      10.2813      10.2689    
  10.2450      10.2113      10.1702      10.1250      10.0800      10.0401    
  10.0113      10.0000    
  10.0000      10.0176      10.0627      10.1250      10.1954      10.2659    
  10.3301      10.3829      10.4202      10.4395      10.4395      10.4202    
  10.3829      10.3301      10.2659      10.1954      10.1250      10.0627    
  10.0176      10.0000    
  10.0000      10.0239      10.0854      10.1702      10.2659      10.3619    
  10.4494      10.5212      10.5720      10.5983      10.5983      10.5720    
  10.5212      10.4494      10.3619      10.2659      10.1702      10.0854    
  10.0239      10.0000    
  10.0000      10.0297      10.1060      10.2113      10.3301      10.4494    
  10.5579      10.6471      10.7102      10.7428      10.7428      10.7102    
  10.6471      10.5579      10.4494      10.3301      10.2113      10.1060    
  10.0297      10.0000    
  10.0000      10.0345      10.1229      10.2450      10.3829      10.5212    
  10.6471      10.7505      10.8236      10.8615      10.8615      10.8236    
  10.7505      10.6471      10.5212      10.3829      10.2450      10.1229    
  10.0345      10.0000    
  10.0000      10.0378      10.1349      10.2689      10.4202      10.5720    
  10.7102      10.8236      10.9039      10.9455      10.9455      10.9039    
  10.8236      10.7102      10.5720      10.4202      10.2689      10.1349    
  10.0378      10.0000    
  10.0000      10.0396      10.1411      10.2813      10.4395      10.5983    
  10.7428      10.8615      10.9455      10.9890      10.9890      10.9455    
  10.8615      10.7428      10.5983      10.4395      10.2813      10.1411    
  10.0396      10.0000    
  10.0000      10.0396      10.1411      10.2813      10.4395      10.5983    
  10.7428      10.8615      10.9455      10.9890      10.9890      10.9455    
  10.8615      10.7428      10.5983      10.4395      10.2813      10.1411    
  10.0396      10.0000    
  10.0000      10.0378      10.1349      10.2689      10.4202      10.5720    
  10.7102      10.8236      10.9039      10.9455      10.9455      10.9039    
  10.8236      10.7102      10.5720      10.4202      10.2689      10.1349    
  10.0378      10.0000    
  10.0000      10.0345      10.1229      10.2450      10.3829      10.5212    
  10.6471      10.7505      10.8236      10.8615      10.8615      10.8236    
  10.7505      10.6471      10.5212      10.3829      10.2450      10.1229    
  10.0345      10.0000    
  10.0000      10.0297      10.1060      10.2113      10.3301      10.4494    
  10.5579      10.6471      10.7102      10.7428      10.7428      10.7102    
  10.6471      10.5579      10.4494      10.3301      10.2113      10.1060    
  10.0297      10.0000    
  10.0000      10.0239      10.0854      10.1702      10.2659      10.3619    
  10.4494      10.5212      10.5720      10.5983      10.5983      10.5720    
  10.5212      10.4494      10.3619      10.2659      10.1702      10.0854    
  10.0239      10.0000    
  10.0000      10.0176      10.0627      10.1250      10.1954      10.2659    
  10.3301      10.3829      10.4202      10.4395      10.4395      10.4202    
  10.3829      10.3301      10.2659      10.1954      10.1250      10.0627    
  10.0176      10.0000    
  10.0000      10.0113      10.0401      10.0800      10.1250      10.1702    
  10.2113      10.2450      10.2689      10.2813      10.2813      10.2689    
  10.2450      10.2113      10.1702      10.1250      10.0800      10.0401    
  10.0113      10.0000    
  10.0000      10.0056      10.0201      10.0401      10.0627      10.0854    
  10.1060      10.1229      10.1349      10.1411      10.1411      10.1349    
  10.1229      10.1060      10.0854      10.0627      10.0401      10.0201    
  10.0056      10.0000    
  10.0000      10.0016      10.0056      10.0113      10.0176      10.0239    
  10.0297      10.0345      10.0378      10.0396      10.0396      10.0378    
  10.0345      10.0297      10.0239      10.0176      10.0113      10.0056    
  10.0016      10.0000    
  10.0000      10.0000      10.0000      10.0000      10.0000      10.0000    
  10.0000      10.0000      10.0000      10.0000      10.0000      10.0000    
  10.0000      10.0000      10.0000      10.0000      10.0000      10.0000    
  10.0000      10.0000    
 -------------------------------------------------------------------------------

 the species c( 2) values are 
  99999.0      99996.4      99993.8      99991.2      99988.5      99985.9    
  99983.3      99980.7      99978.1      99975.5      99972.8      99970.2    
  99967.6      99964.9      99962.2      99959.6      99956.9      99954.3    
  99951.6      99949.0    
  99999.0      100050.      100110.      100160.      100194.      100216.    
  100236.      100265.      100306.      100352.      100390.      100401.    
  100375.      100309.      100214.      100108.      100015.      99953.6    
  99932.2      99951.6    
  99999.0      100113.      100290.      100482.      100663.      100825.    
  100974.      101115.      101248.      101358.      101418.      101404.    
  101297.      101100.      100836.      100545.      100274.      100066.    
  99953.6      99954.3    
  99999.1      100166.      100485.      100876.      101284.      101675.    
  102031.      102343.      102594.      102762.      102820.      102741.    
  102514.      102150.      101685.      101172.      100680.      100274.    
  100015.      99956.9    
  99999.1      100202.      100668.      101287.      101967.      102640.    
  103253.      103766.      104145.      104360.      104389.      104218.    
  103850.      103308.      102637.      101899.      101172.      100545.    
  100108.      99959.6    
  99999.1      100226.      100833.      101680.      102642.      103611.    
  104493.      105213.      105717.      105969.      105957.      105684.    
  105171.      104455.      103588.      102637.      101685.      100836.    
  100214.      99962.2    
  99999.1      100249.      100984.      102039.      103258.      104496.    
  105622.      106530.      107148.      107435.      107385.      107019.    
  106375.      105501.      104455.      103308.      102150.      101100.    
  100309.      99964.9    
  99999.1      100281.      101129.      102353.      103774.      105219.    
  106533.      107591.      108305.      108631.      108565.      108134.    
  107384.      106375.      105171.      103850.      102514.      101297.    
  100375.      99967.6    
  99999.1      100324.      101264.      102607.      104155.      105725.    
  107153.      108308.      109096.      109467.      109411.      108951.    
  108134.      107019.      105684.      104218.      102741.      101404.    
  100401.      99970.2    
  99999.1      100373.      101376.      102778.      104373.      105980.    
  107443.      108637.      109470.      109887.      109864.      109411.    
  108565.      107385.      105957.      104389.      102820.      101418.    
  100390.      99972.8    
  99999.1      100413.      101439.      102838.      104405.      105970.    
  107396.      108573.      109417.      109867.      109887.      109467.    
  108631.      107435.      105969.      104360.      102762.      101358.    
  100352.      99975.5    
  99999.2      100428.      101427.      102762.      104237.      105699.    
  107032.      108144.      108959.      109417.      109470.      109096.    
  108305.      107148.      105717.      104145.      102594.      101248.    
  100306.      99978.1    
  99999.1      100404.      101323.      102538.      103871.      105189.    
  106391.      107397.      108144.      108573.      108637.      108308.    
  107591.      106530.      105213.      103766.      102343.      101115.    
  100265.      99980.7    
  99999.1      100341.      101129.      102177.      103332.      104476.    
  105519.      106391.      107032.      107396.      107443.      107153.    
  106533.      105622.      104493.      103253.      102031.      100974.    
  100236.      99983.3    
  99999.1      100248.      100867.      101714.      102663.      103612.    
  104476.      105189.      105699.      105970.      105980.      105725.    
  105219.      104496.      103611.      102640.      101675.      100825.    
  100216.      99985.9    
  99999.1      100145.      100579.      101204.      101928.      102663.    
  103332.      103871.      104237.      104405.      104373.      104155.    
  103774.      103258.      102642.      101967.      101284.      100663.    
  100194.      99988.5    
  99999.0      100055.      100311.      100714.      101204.      101714.    
  102177.      102538.      102762.      102838.      102778.      102607.    
  102353.      102039.      101680.      101287.      100876.      100482.    
  100160.      99991.2    
  99999.0      99995.7      100106.      100311.      100579.      100867.    
  101129.      101323.      101427.      101439.      101376.      101264.    
  101129.      100984.      100833.      100668.      100485.      100290.    
  100110.      99993.8    
  99999.0      99977.0      99995.7      100055.      100145.      100248.    
  100341.      100404.      100428.      100413.      100373.      100324.    
  100281.      100249.      100226.      100202.      100166.      100113.    
  100050.      99996.4    
  99999.0      99999.0      99999.0      99999.0      99999.1      99999.1    
  99999.1      99999.1      99999.2      99999.1      99999.1      99999.1    
  99999.1      99999.1      99999.1      99999.1      99999.1      99999.0    
  99999.0      99999.0    
 -------------------------------------------------------------------------------


 -------------------------------------------------------------------------------
                              At time t =   0.10000000E-05
 -------------------------------------------------------------------------------
 the species c( 1) values are 
  9.99991      9.99994      9.99997      10.0000      10.0000      10.0001    
  10.0001      10.0001      10.0001      10.0002      10.0002      10.0002    
  10.0002      10.0003      10.0003      10.0003      10.0003      10.0004    
  10.0004      10.0004    
  9.99991      10.0011      10.0050      10.0107      10.0173      10.0241    
  10.0302      10.0352      10.0385      10.0399      10.0395      10.0375    
  10.0341      10.0295      10.0241      10.0182      10.0121      10.0066    
  10.0023      10.0004    
  9.99991      10.0050      10.0192      10.0392      10.0623      10.0856    
  10.1068      10.1240      10.1359      10.1416      10.1410      10.1343    
  10.1222      10.1055      10.0855      10.0635      10.0413      10.0214    
  10.0066      10.0004    
  9.99992      10.0106      10.0392      10.0791      10.1246      10.1703    
  10.2120      10.2460      10.2698      10.2817      10.2811      10.2683    
  10.2443      10.2108      10.1702      10.1257      10.0811      10.0413    
  10.0121      10.0003    
  9.99992      10.0172      10.0622      10.1246      10.1951      10.2660    
  10.3305      10.3834      10.4207      10.4398      10.4395      10.4199    
  10.3826      10.3300      10.2660      10.1958      10.1257      10.0635    
  10.0182      10.0003    
  9.99993      10.0240      10.0855      10.1703      10.2660      10.3619    
  10.4492      10.5210      10.5719      10.5983      10.5984      10.5722    
  10.5215      10.4496      10.3621      10.2660      10.1702      10.0855    
  10.0241      10.0003    
  9.99993      10.0301      10.1067      10.2119      10.3305      10.4492    
  10.5574      10.6463      10.7095      10.7426      10.7431      10.7109    
  10.6480      10.5586      10.4496      10.3300      10.2108      10.1055    
  10.0295      10.0003    
  9.99993      10.0350      10.1239      10.2459      10.3833      10.5210    
  10.6463      10.7494      10.8227      10.8612      10.8619      10.8246    
  10.7516      10.6480      10.5215      10.3826      10.2443      10.1222    
  10.0341      10.0002    
  9.99994      10.0383      10.1357      10.2697      10.4206      10.5718    
  10.7095      10.8227      10.9032      10.9452      10.9458      10.9048    
  10.8246      10.7109      10.5722      10.4199      10.2683      10.1343    
  10.0375      10.0002    
  9.99994      10.0397      10.1414      10.2816      10.4397      10.5982    
  10.7425      10.8611      10.9452      10.9888      10.9891      10.9458    
  10.8619      10.7431      10.5984      10.4395      10.2811      10.1410    
  10.0395      10.0002    
  9.99994      10.0393      10.1408      10.2809      10.4393      10.5983    
  10.7430      10.8618      10.9458      10.9891      10.9888      10.9452    
  10.8612      10.7426      10.5983      10.4398      10.2817      10.1416    
  10.0399      10.0002    
  9.99994      10.0372      10.1341      10.2681      10.4197      10.5721    
  10.7108      10.8245      10.9047      10.9458      10.9452      10.9032    
  10.8227      10.7095      10.5719      10.4207      10.2698      10.1359    
  10.0385      10.0001    
  9.99993      10.0338      10.1219      10.2441      10.3823      10.5213    
  10.6478      10.7515      10.8245      10.8618      10.8611      10.8227    
  10.7494      10.6463      10.5210      10.3834      10.2460      10.1240    
  10.0352      10.0001    
  9.99993      10.0292      10.1052      10.2105      10.3297      10.4494    
  10.5585      10.6478      10.7108      10.7430      10.7425      10.7095    
  10.6463      10.5574      10.4492      10.3305      10.2120      10.1068    
  10.0302      10.0001    
  9.99993      10.0238      10.0852      10.1699      10.2657      10.3619    
  10.4494      10.5213      10.5721      10.5983      10.5982      10.5718    
  10.5210      10.4492      10.3619      10.2660      10.1703      10.0856    
  10.0241      10.0001    
  9.99992      10.0178      10.0631      10.1254      10.1955      10.2657    
  10.3297      10.3823      10.4197      10.4393      10.4397      10.4206    
  10.3833      10.3305      10.2660      10.1951      10.1246      10.0623    
  10.0173      10.0000    
  9.99992      10.0117      10.0410      10.0808      10.1254      10.1699    
  10.2105      10.2441      10.2681      10.2809      10.2816      10.2697    
  10.2459      10.2119      10.1703      10.1246      10.0791      10.0392    
  10.0107      10.0000    
  9.99991      10.0062      10.0210      10.0410      10.0631      10.0852    
  10.1052      10.1219      10.1341      10.1408      10.1414      10.1357    
  10.1239      10.1067      10.0855      10.0622      10.0392      10.0192    
  10.0050      9.99997    
  9.99991      10.0019      10.0062      10.0117      10.0178      10.0238    
  10.0292      10.0338      10.0372      10.0393      10.0397      10.0383    
  10.0350      10.0301      10.0240      10.0172      10.0106      10.0050    
  10.0011      9.99994    
  9.99991      9.99991      9.99991      9.99992      9.99992      9.99993    
  9.99993      9.99993      9.99994      9.99994      9.99994      9.99994    
  9.99993      9.99993      9.99993      9.99992      9.99992      9.99991    
  9.99991      9.99991    
 -------------------------------------------------------------------------------

 the species c( 2) values are 
  99998.1      99995.8      99993.4      99991.1      99988.8      99986.5    
  99984.2      99981.9      99979.5      99977.2      99974.8      99972.5    
  99970.1      99967.6      99965.2      99962.8      99960.3      99957.9    
  99955.5      99953.1    
  99998.1      100046.      100104.      100155.      100191.      100217.    
  100241.      100272.      100312.      100356.      100390.      100398.    
  100371.      100307.      100215.      100114.      100024.      99962.9    
  99939.6      99955.5    
  99998.2      100106.      100280.      100473.      100658.      100827.    
  100982.      101126.      101258.      101362.      101417.      101397.    
  101289.      101095.      100837.      100552.      100286.      100079.    
  99962.9      99957.9    
  99998.2      100159.      100475.      100868.      101280.      101676.    
  102039.      102353.      102603.      102767.      102818.      102734.    
  102507.      102146.      101685.      101179.      100691.      100286.    
  100024.      99960.3    
  99998.3      100198.      100663.      101282.      101964.      102641.    
  103257.      103771.      104150.      104363.      104389.      104215.    
  103847.      103307.      102638.      101903.      101179.      100552.    
  100114.      99962.8    
  99998.4      100227.      100834.      101681.      102643.      103611.    
  104492.      105212.      105716.      105970.      105958.      105686.    
  105174.      104458.      103590.      102638.      101685.      100837.    
  100215.      99965.2    
  99998.4      100253.      100991.      102046.      103262.      104494.    
  105616.      106523.      107142.      107433.      107388.      107027.    
  106384.      105508.      104458.      103307.      102146.      101095.    
  100307.      99967.6    
  99998.5      100286.      101138.      102362.      103778.      105217.    
  106525.      107580.      108296.      108628.      108569.      108143.    
  107396.      106384.      105174.      103847.      102507.      101289.    
  100371.      99970.1    
  99998.5      100329.      101272.      102615.      104159.      105723.    
  107146.      108299.      109089.      109464.      109415.      108960.    
  108143.      107027.      105686.      104215.      102734.      101397.    
  100398.      99972.5    
  99998.5      100375.      101379.      102781.      104375.      105979.    
  107440.      108633.      109467.      109885.      109865.      109415.    
  108569.      107388.      105958.      104389.      102818.      101417.    
  100390.      99974.8    
  99998.5      100411.      101436.      102834.      104403.      105970.    
  107398.      108576.      109419.      109868.      109885.      109464.    
  108628.      107433.      105970.      104363.      102767.      101362.    
  100356.      99977.2    
  99998.5      100422.      101419.      102753.      104232.      105700.    
  107038.      108153.      108967.      109419.      109467.      109089.    
  108296.      107142.      105716.      104150.      102603.      101258.    
  100312.      99979.5    
  99998.5      100397.      101313.      102528.      103866.      105190.    
  106398.      107408.      108153.      108576.      108633.      108299.    
  107580.      106523.      105212.      103771.      102353.      101126.    
  100272.      99981.9    
  99998.4      100335.      101121.      102169.      103328.      104477.    
  105524.      106398.      107038.      107398.      107440.      107146.    
  106525.      105616.      104492.      103257.      102039.      100982.    
  100241.      99984.2    
  99998.4      100246.      100865.      101711.      102662.      103612.    
  104477.      105190.      105700.      105970.      105979.      105723.    
  105217.      104494.      103611.      102641.      101676.      100827.    
  100217.      99986.5    
  99998.3      100147.      100583.      101208.      101929.      102662.    
  103328.      103866.      104232.      104403.      104375.      104159.    
  103778.      103262.      102643.      101964.      101280.      100658.    
  100191.      99988.8    
  99998.2      100060.      100319.      100722.      101208.      101711.    
  102169.      102528.      102753.      102834.      102781.      102615.    
  102362.      102046.      101681.      101282.      100868.      100473.    
  100155.      99991.1    
  99998.1      100001.      100115.      100319.      100583.      100865.    
  101121.      101313.      101419.      101436.      101379.      101272.    
  101138.      100991.      100834.      100663.      100475.      100280.    
  100104.      99993.4    
  99998.1      99979.9      100001.      100060.      100147.      100246.    
  100335.      100397.      100422.      100411.      100375.      100329.    
  100286.      100253.      100227.      100198.      100159.      100106.    
  100046.      99995.8    
  99998.1      99998.1      99998.1      99998.2      99998.3      99998.4    
  99998.4      99998.5      99998.5      99998.5      99998.5      99998.5    
  99998.5      99998.4      99998.4      99998.3      99998.2      99998.2    
  99998.1      99998.1    
 -------------------------------------------------------------------------------


 -------------------------------------------------------------------------------
                              At time t =   0.10000000E-02
 -------------------------------------------------------------------------------
 the species c( 1) values are 
  9.88284      9.84158      9.81979      9.85691      9.95255      10.0810    
  10.2010      10.2725      10.2754      10.2210      10.1452      10.0912    
  10.0908      10.1538      10.2653      10.3899      10.4841      10.5165    
  10.4860      10.4390    
  9.82247      9.60410      9.45822      9.51796      9.78155      10.1628    
  10.5185      10.7028      10.6418      10.3774      10.0421      9.78794    
  9.72285      9.87923      10.2072      10.5851      10.8580      10.9085    
  10.7296      10.4860    
  9.77574      9.43406      9.20622      9.28992      9.68355      10.2631    
  10.8105      11.0922      10.9855      10.5590      10.0263      9.62245    
  9.50532      9.72060      10.1972      10.7555      11.1557      11.2099    
  10.9085      10.5165    
  9.78706      9.46877      9.26551      9.36257      9.75670      10.3279    
  10.8672      11.1513      11.0624      10.6632      10.1559      9.76482    
  9.64197      9.83144      10.2647      10.7707      11.1251      11.1557    
  10.8580      10.4841    
  9.85624      9.70555      9.63276      9.73101      9.99258      10.3457    
  10.6752      10.8648      10.8536      10.6699      10.4137      10.2030    
  10.1232      10.2009      10.3986      10.6256      10.7707      10.7555    
  10.5851      10.3899    
  9.95744      10.0576      10.1826      10.2737      10.3185      10.3349    
  10.3548      10.4052      10.4966      10.6179      10.7379      10.8138    
  10.8101      10.7189      10.5659      10.3986      10.2647      10.1972    
  10.2072      10.2653    
  10.0498      10.3826      10.6978      10.7819      10.6192      10.3275    
  10.0782      10.0116      10.1889      10.5739      11.0367      11.3873    
  11.4587      11.2020      10.7189      10.2009      9.83144      9.72060    
  9.87923      10.1538    
  10.0939      10.5371      10.9481      11.0351      10.7796      10.3506    
  9.98528      9.87165      10.0901      10.5960      11.2190      11.7001    
  11.8035      11.4587      10.8101      10.1232      9.64197      9.50532    
  9.72285      10.0908    
  10.0704      10.4497      10.8148      10.9187      10.7405      10.4142    
  10.1354      10.0635      10.2676      10.7076      11.2350      11.6307    
  11.7001      11.3873      10.8138      10.2030      9.76482      9.62245    
  9.78794      10.0912    
  9.99073      10.1634      10.3677      10.4974      10.5314      10.5073    
  10.4910      10.5404      10.6794      10.8873      11.1010      11.2350    
  11.2190      11.0367      10.7379      10.4137      10.1559      10.0263    
  10.0421      10.1452    
  9.89063      9.80916      9.81890      9.97196      10.2518      10.5985    
  10.9217      11.1310      11.1761      11.0718      10.8873      10.7076    
  10.5960      10.5739      10.6179      10.6699      10.6632      10.5590    
  10.3774      10.2210    
  9.81214      9.53574      9.39857      9.56278      10.0182      10.6457    
  11.2395      11.5782      11.5395      11.1761      10.6794      10.2676    
  10.0901      10.1889      10.4966      10.8536      11.0624      10.9855    
  10.6418      10.2754    
  9.78600      9.44739      9.25967      9.41761      9.91381      10.6143    
  11.2807      11.6504      11.5782      11.1310      10.5404      10.0635    
  9.87165      10.0116      10.4052      10.8648      11.1513      11.0922    
  10.7028      10.2725    
  9.82136      9.57417      9.44448      9.57736      9.96361      10.4972    
  10.9991      11.2807      11.2395      10.9217      10.4910      10.1354    
  9.98528      10.0782      10.3548      10.6752      10.8672      10.8105    
  10.5185      10.2010    
  9.90333      9.86623      9.88164      9.97311      10.1299      10.3202    
  10.4972      10.6143      10.6457      10.5985      10.5073      10.4142    
  10.3506      10.3275      10.3349      10.3457      10.3279      10.2631    
  10.1628      10.0810    
  9.99741      10.2049      10.3955      10.4374      10.3238      10.1299    
  9.96361      9.91381      10.0182      10.2518      10.5314      10.7405    
  10.7796      10.6192      10.3185      9.99258      9.75670      9.68355    
  9.78155      9.95255    
  10.0619      10.4409      10.7543      10.7528      10.4374      9.97311    
  9.57736      9.41761      9.56278      9.97196      10.4974      10.9187    
  11.0351      10.7819      10.2737      9.73101      9.36257      9.28992    
  9.51796      9.85691    
  10.0667      10.4622      10.7786      10.7543      10.3955      9.88164    
  9.44448      9.25967      9.39857      9.81890      10.3677      10.8148    
  10.9481      10.6978      10.1826      9.63276      9.26551      9.20622    
  9.45822      9.81979    
  10.0119      10.2644      10.4622      10.4409      10.2049      9.86623    
  9.57417      9.44739      9.53574      9.80916      10.1634      10.4497    
  10.5371      10.3826      10.0576      9.70555      9.46877      9.43406    
  9.60410      9.84158    
  9.94767      10.0119      10.0667      10.0619      9.99741      9.90333    
  9.82136      9.78600      9.81214      9.89063      9.99073      10.0704    
  10.0939      10.0498      9.95744      9.85624      9.78706      9.77574    
  9.82247      9.88284    
 -------------------------------------------------------------------------------

 the species c( 2) values are 
  98827.0      98411.3      98190.5      98559.1      99513.4      100796.    
  101994.      102707.      102733.      102185.      101425.      100881.    
  100874.      101502.      102615.      103859.      104799.      105121.    
  104812.      104339.    
  98222.9      96075.5      94636.4      95228.0      97834.1      101605.    
  105123.      106948.      106345.      103730.      100415.      97903.0    
  97259.5      98804.6      102047.      105783.      108483.      108982.    
  107212.      104812.    
  97755.3      94397.4      92151.6      92981.1      96871.9      102602.    
  108017.      110806.      109753.      105536.      100271.      96279.8    
  95121.9      97246.7      101955.      107472.      111428.      111963.    
  108982.      105121.    
  97868.5      94741.4      92739.6      93703.1      97601.3      103252.    
  108589.      111405.      110527.      106581.      101566.      97700.6    
  96484.6      98352.9      102630.      107629.      111130.      111428.    
  108483.      104799.    
  98561.0      97082.0      96369.2      97347.1      99939.4      103438.    
  106703.      108584.      108478.      106664.      104131.      102047.    
  101254.      102017.      103964.      106201.      107629.      107472.    
  105783.      103859.    
  99573.8      100563.      101805.      102715.      103168.      103341.    
  103547.      104054.      104963.      106166.      107353.      108101.    
  108060.      107150.      105628.      103964.      102630.      101955.    
  102047.      102615.    
  100498.      103778.      106901.      107745.      106148.      103277.    
  100825.      100177.      101936.      105746.      110323.      113790.    
  114490.      111941.      107150.      102017.      98352.9      97246.7    
  98804.6      101502.    
  100939.      105306.      109379.      110253.      107740.      103513.    
  99916.0      98804.3      100971.      105977.      112139.      116897.    
  117914.      114490.      108060.      101254.      96484.6      95121.9    
  97259.5      100874.    
  100704.      104443.      108061.      109104.      107357.      104148.    
  101406.      100708.      102734.      107089.      112306.      116218.    
  116897.      113790.      108101.      102047.      97700.6      96279.8    
  97903.0      100881.    
  99906.9      101612.      103642.      104939.      105291.      105070.    
  104925.      105426.      106810.      108870.      110984.      112306.    
  112139.      110323.      107353.      104131.      101566.      100271.    
  100415.      101425.    
  98905.1      98109.6      98217.5      99745.0      102528.      105972.    
  109184.      111268.      111722.      110695.      108870.      107089.    
  105977.      105746.      106166.      106664.      106581.      105536.    
  103730.      102185.    
  98119.5      95407.3      94064.7      95701.1      100217.      106436.    
  112325.      115689.      115314.      111722.      106810.      102734.    
  100971.      101936.      104963.      108478.      110527.      109753.    
  106345.      102733.    
  97857.9      94533.8      92691.7      94264.6      99181.3      106121.    
  112725.      116395.      115689.      111268.      105426.      100708.    
  98804.3      100177.      104054.      108584.      111405.      110806.    
  106948.      102707.    
  98211.8      95785.6      94514.4      95838.4      99667.3      104954.    
  109931.      112725.      112325.      109184.      104925.      101406.    
  99916.0      100825.      103547.      106703.      108589.      108017.    
  105123.      101994.    
  99032.2      98670.9      98830.2      99743.4      101303.      103194.    
  104954.      106121.      106436.      105972.      105070.      104148.    
  103513.      103277.      103341.      103438.      103252.      102602.    
  101605.      100796.    
  99973.8      102018.      103907.      104327.      103212.      101303.    
  99667.3      99181.3      100217.      102528.      105291.      107357.    
  107740.      106148.      103168.      99939.4      97601.3      96871.9    
  97834.1      99513.4    
  100619.      104351.      107452.      107441.      104327.      99743.4    
  95838.4      94264.6      95701.1      99745.0      104939.      109104.    
  110253.      107745.      102715.      97347.1      93703.1      92981.1    
  95228.0      98559.1    
  100667.      104561.      107690.      107452.      103907.      98830.2    
  94514.4      92691.7      94064.7      98217.5      103642.      108061.    
  109379.      106901.      101805.      96369.2      92739.6      92151.6    
  94636.4      98190.5    
  100119.      102605.      104561.      104351.      102018.      98670.9    
  95785.6      94533.8      95407.3      98109.6      101612.      104443.    
  105306.      103778.      100563.      97082.0      94741.4      94397.4    
  96075.5      98411.3    
  99476.2      100119.      100667.      100619.      99973.8      99032.2    
  98211.8      97857.9      98119.5      98905.1      99906.9      100704.    
  100939.      100498.      99573.8      98561.0      97868.5      97755.3    
  98222.9      98827.0    
 -------------------------------------------------------------------------------


 -------------------------------------------------------------------------------
                              At time t =   0.10000000E+01
 -------------------------------------------------------------------------------
 the species c( 1) values are 
  10.0449      10.2410      11.2777      13.6666      17.6109      22.6967    
  27.6994      30.9671      31.4761      29.6832      27.2672      26.1302    
  27.6509      32.4330      40.1198      49.1407      56.9697      61.4374    
  62.3703      61.8903    
  9.97529      9.91525      10.6808      12.9806      17.1907      23.0101    
  28.9909      32.8482      33.0447      30.2063      26.6310      24.6680    
  25.8367      30.8631      39.5905      50.3432      59.7669      64.5669    
  64.3133      62.3703    
  10.2752      9.97775      10.4520      12.5708      16.8536      23.1336    
  29.8349      34.1454      34.0641      30.3766      25.9153      23.3394    
  24.1913      29.2512      38.5708      50.4990      61.0503      65.9472    
  64.5669      61.4374    
  11.4353      11.0987      11.4382      13.2474      16.9776      22.4847    
  28.4034      32.2888      32.3906      29.3737      25.6812      23.6072    
  24.4807      28.9795      37.1600      47.5965      56.8109      61.0503    
  59.7669      56.9697    
  13.6009      13.5171      13.9595      15.2884      17.7131      21.1403    
  24.8251      27.4783      28.1973      27.3249      26.1323      25.8331    
  27.1309      30.3797      35.5923      41.9619      47.5965      50.4990    
  50.3432      49.1407    
  16.4116      16.8972      17.7217      18.4239      18.9743      19.6567    
  20.6601      21.9107      23.3203      25.0140      27.1337      29.4641    
  31.4954      32.9754      34.2006      35.5923      37.1600      38.5708    
  39.5905      40.1198    
  18.9553      20.1225      21.4577      21.5392      20.2336      18.4932    
  17.4061      17.6316      19.4967      23.1110      28.0398      32.8637    
  35.6244      35.3528      32.9754      30.3797      28.9795      29.2512    
  30.8631      32.4330    
  20.1124      21.6322      23.2164      22.9312      20.6450      17.7364    
  15.7237      15.4952      17.4765      21.8082      27.9078      33.8322    
  36.8523      35.6244      31.4954      27.1309      24.4807      24.1913    
  25.8367      27.6509    
  19.3005      20.5526      21.8539      21.6104      19.7157      17.3079    
  15.6610      15.5381      17.3030      21.0523      26.2555      31.2655    
  33.8322      32.8637      29.4641      25.8331      23.6072      23.3394    
  24.6680      26.1302    
  16.9679      17.5287      18.2079      18.3182      17.8179      17.1998    
  16.9892      17.4542      18.7056      20.8038      23.5577      26.2555    
  27.9078      28.0398      27.1337      26.1323      25.6812      25.9153    
  26.6310      27.2672    
  14.2683      14.1575      14.2761      14.8002      15.8363      17.3849    
  19.1316      20.4793      21.0181      20.9359      20.8038      21.0523    
  21.8082      23.1110      25.0140      27.3249      29.3737      30.3766    
  30.2063      29.6832    
  12.3175      11.8089      11.6130      12.4047      14.4558      17.6075    
  20.9767      23.0935      22.9601      21.0181      18.7056      17.3030    
  17.4765      19.4967      23.3203      28.1973      32.3906      34.0641    
  33.0447      31.4761    
  11.7721      11.1489      10.8449      11.6638      13.9347      17.4845    
  21.2757      23.5452      23.0935      20.4793      17.4542      15.5381    
  15.4952      17.6316      21.9107      27.4783      32.2888      34.1454    
  32.8482      30.9671    
  12.8262      12.3454      12.0951      12.6723      14.3177      16.8936    
  19.6338      21.2757      20.9767      19.1316      16.9892      15.6610    
  15.7237      17.4061      20.6601      24.8251      28.4034      29.8349    
  28.9909      27.6994    
  15.2646      15.2183      15.2255      15.3021      15.5582      16.1250    
  16.8936      17.4845      17.6075      17.3849      17.1998      17.3079    
  17.7364      18.4932      19.6567      21.1403      22.4847      23.1336    
  23.0101      22.6967    
  18.4018      19.0373      19.5044      18.9129      17.3369      15.5582    
  14.3177      13.9347      14.4558      15.8363      17.8179      19.7157    
  20.6450      20.2336      18.9743      17.7131      16.9776      16.8536    
  17.1907      17.6109    
  21.1597      22.4102      23.2941      22.0809      18.9129      15.3021    
  12.6723      11.6638      12.4047      14.8002      18.3182      21.6104    
  22.9312      21.5392      18.4239      15.2884      13.2474      12.5708    
  12.9806      13.6666    
  22.6047      23.9680      24.8450      23.2941      19.5044      15.2255    
  12.0951      10.8449      11.6130      14.2761      18.2079      21.8539    
  23.2164      21.4577      17.7217      13.9595      11.4382      10.4520    
  10.6808      11.2777    
  22.6832      23.5733      23.9680      22.4102      19.0373      15.2183    
  12.3454      11.1489      11.8089      14.1575      17.5287      20.5526    
  21.6322      20.1225      16.8972      13.5171      11.0987      9.97775    
  9.91525      10.2410    
  22.3510      22.6832      22.6047      21.1597      18.4018      15.2646    
  12.8262      11.7721      12.3175      14.2683      16.9679      19.3005    
  20.1124      18.9553      16.4116      13.6009      11.4353      10.2752    
  9.97529      10.0449    
 -------------------------------------------------------------------------------

 the species c( 2) values are 
  100448.      102407.      112771.      136658.      176098.      226953.    
  276978.      309652.      314739.      296807.      272645.      261272.    
  276476.      324295.      401160.      491367.      569655.      614329.    
  623656.      618853.    
  99752.4      99189.0      106865.      129856.      171927.      230078.    
  289846.      328400.      330373.      302019.      266305.      246705.    
  258400.      308645.      395880.      503363.      597570.      645564.    
  643049.      623656.    
  102751.      99837.0      104613.      125793.      168574.      231307.    
  298260.      341336.      340537.      303711.      259161.      233452.    
  241985.      292555.      385691.      504906.      610373.      659334.    
  645564.      614329.    
  114353.      111044.      114470.      132555.      169812.      224819.    
  283949.      322776.      323808.      293686.      256820.      236127.    
  244875.      289836.      371584.      475886.      567986.      610373.    
  597570.      569655.    
  136009.      135199.      139639.      152923.      177146.      211383.    
  248201.      274719.      281914.      273213.      261318.      258349.    
  271333.      303806.      355902.      419563.      475886.      504906.    
  503363.      491367.    
  164116.      168959.      177196.      184217.      189726.      196560.    
  206601.      219110.      233201.      250128.      271312.      294604.    
  314913.      329715.      341975.      355902.      371584.      385691.    
  395880.      401160.    
  189553.      201176.      214498.      215316.      202291.      184935.    
  174106.      176380.      195016.      231118.      280354.      328552.    
  356145.      353447.      329715.      303806.      289836.      292555.    
  308645.      324295.    
  201124.      216256.      232059.      229211.      206394.      177372.    
  157303.      155043.      174838.      218100.      279027.      338216.    
  368399.      356145.      314913.      271333.      244875.      241985.    
  258400.      276476.    
  193005.      205470.      218451.      216019.      197108.      173085.    
  156665.      155457.      173090.      210537.      262511.      312564.    
  338216.      328552.      294604.      258349.      236127.      233452.    
  246705.      261272.    
  169679.      175264.      182043.      183146.      178157.      171996.    
  169909.      174565.      187073.      208036.      235551.      262511.    
  279027.      280354.      271312.      261318.      256820.      259161.    
  266305.      272645.    
  142682.      141594.      142791.      148029.      158374.      173837.    
  191283.      204750.      210142.      209336.      208036.      210537.    
  218100.      231118.      250128.      273213.      293686.      303711.    
  302019.      296807.    
  123174.      118141.      116212.      124123.      144595.      176054.    
  209695.      230839.      229518.      210142.      187073.      173090.    
  174838.      195016.      233201.      281914.      323808.      340537.    
  330373.      314739.    
  117720.      111552.      108547.      116731.      139392.      174823.    
  212674.      235340.      230839.      204750.      174565.      155457.    
  155043.      176380.      219110.      274719.      322776.      341336.    
  328400.      309652.    
  128262.      123500.      121024.      126791.      143210.      168919.    
  196275.      212674.      209695.      191283.      169909.      156665.    
  157303.      174106.      206601.      248201.      283949.      298260.    
  289846.      276978.    
  152645.      152193.      152270.      153035.      155587.      161243.    
  168919.      174823.      176054.      173837.      171996.      173085.    
  177372.      184935.      196560.      211383.      224819.      231307.    
  230078.      226953.    
  184018.      190342.      194994.      189081.      173343.      155587.    
  143210.      139392.      144595.      158374.      178157.      197108.    
  206394.      202291.      189726.      177146.      169812.      168574.    
  171927.      176098.    
  211597.      224042.      232847.      220720.      189081.      153035.    
  126791.      116731.      124123.      148029.      183146.      216019.    
  229211.      215316.      184217.      152923.      132555.      125793.    
  129856.      136658.    
  226047.      239617.      248351.      232847.      194994.      152270.    
  121024.      108547.      116212.      142791.      182043.      218451.    
  232059.      214498.      177196.      139639.      114470.      104613.    
  106865.      112771.    
  226832.      235693.      239617.      224042.      190342.      152193.    
  123500.      111552.      118141.      141594.      175264.      205470.    
  216256.      201176.      168959.      135199.      111044.      99837.0    
  99189.0      102407.    
  223510.      226832.      226047.      211597.      184018.      152645.    
  128262.      117720.      123174.      142682.      169679.      193005.    
  201124.      189553.      164116.      136009.      114353.      102751.    
  99752.4      100448.    
 -------------------------------------------------------------------------------


 -------------------------------------------------------------------------------
                              At time t =   0.40000000E+01
 -------------------------------------------------------------------------------
 the species c( 1) values are 
  10.0449      10.2410      11.2777      13.6666      17.6109      22.6967    
  27.6994      30.9671      31.4761      29.6832      27.2672      26.1302    
  27.6509      32.4330      40.1198      49.1407      56.9697      61.4374    
  62.3703      61.8903    
  9.97529      9.91525      10.6808      12.9806      17.1907      23.0101    
  28.9909      32.8482      33.0447      30.2063      26.6310      24.6680    
  25.8367      30.8631      39.5905      50.3432      59.7669      64.5669    
  64.3133      62.3703    
  10.2752      9.97775      10.4520      12.5708      16.8536      23.1336    
  29.8349      34.1454      34.0641      30.3766      25.9153      23.3394    
  24.1913      29.2512      38.5708      50.4990      61.0503      65.9472    
  64.5669      61.4374    
  11.4353      11.0987      11.4382      13.2474      16.9776      22.4847    
  28.4034      32.2888      32.3906      29.3737      25.6812      23.6072    
  24.4807      28.9795      37.1600      47.5965      56.8109      61.0503    
  59.7669      56.9697    
  13.6009      13.5171      13.9595      15.2884      17.7131      21.1403    
  24.8251      27.4783      28.1973      27.3249      26.1323      25.8331    
  27.1309      30.3797      35.5923      41.9619      47.5965      50.4990    
  50.3432      49.1407    
  16.4116      16.8972      17.7217      18.4239      18.9743      19.6567    
  20.6601      21.9107      23.3203      25.0140      27.1337      29.4641    
  31.4954      32.9754      34.2006      35.5923      37.1600      38.5708    
  39.5905      40.1198    
  18.9553      20.1225      21.4577      21.5392      20.2336      18.4932    
  17.4061      17.6316      19.4967      23.1110      28.0398      32.8637    
  35.6244      35.3528      32.9754      30.3797      28.9795      29.2512    
  30.8631      32.4330    
  20.1124      21.6322      23.2164      22.9312      20.6450      17.7364    
  15.7237      15.4952      17.4765      21.8082      27.9078      33.8322    
  36.8523      35.6244      31.4954      27.1309      24.4807      24.1913    
  25.8367      27.6509    
  19.3005      20.5526      21.8539      21.6104      19.7157      17.3079    
  15.6610      15.5381      17.3030      21.0523      26.2555      31.2655    
  33.8322      32.8637      29.4641      25.8331      23.6072      23.3394    
  24.6680      26.1302    
  16.9679      17.5287      18.2079      18.3182      17.8179      17.1998    
  16.9892      17.4542      18.7056      20.8038      23.5577      26.2555    
  27.9078      28.0398      27.1337      26.1323      25.6812      25.9153    
  26.6310      27.2672    
  14.2683      14.1575      14.2761      14.8002      15.8363      17.3849    
  19.1316      20.4793      21.0181      20.9359      20.8038      21.0523    
  21.8082      23.1110      25.0140      27.3249      29.3737      30.3766    
  30.2063      29.6832    
  12.3175      11.8089      11.6130      12.4047      14.4558      17.6075    
  20.9767      23.0935      22.9601      21.0181      18.7056      17.3030    
  17.4765      19.4967      23.3203      28.1973      32.3906      34.0641    
  33.0447      31.4761    
  11.7721      11.1489      10.8449      11.6638      13.9347      17.4845    
  21.2757      23.5452      23.0935      20.4793      17.4542      15.5381    
  15.4952      17.6316      21.9107      27.4783      32.2888      34.1454    
  32.8482      30.9671    
  12.8262      12.3454      12.0951      12.6723      14.3177      16.8936    
  19.6338      21.2757      20.9767      19.1316      16.9892      15.6610    
  15.7237      17.4061      20.6601      24.8251      28.4034      29.8349    
  28.9909      27.6994    
  15.2646      15.2183      15.2255      15.3021      15.5582      16.1250    
  16.8936      17.4845      17.6075      17.3849      17.1998      17.3079    
  17.7364      18.4932      19.6567      21.1403      22.4847      23.1336    
  23.0101      22.6967    
  18.4018      19.0373      19.5044      18.9129      17.3369      15.5582    
  14.3177      13.9347      14.4558      15.8363      17.8179      19.7157    
  20.6450      20.2336      18.9743      17.7131      16.9776      16.8536    
  17.1907      17.6109    
  21.1597      22.4102      23.2941      22.0809      18.9129      15.3021    
  12.6723      11.6638      12.4047      14.8002      18.3182      21.6104    
  22.9312      21.5392      18.4239      15.2884      13.2474      12.5708    
  12.9806      13.6666    
  22.6047      23.9680      24.8450      23.2941      19.5044      15.2255    
  12.0951      10.8449      11.6130      14.2761      18.2079      21.8539    
  23.2164      21.4577      17.7217      13.9595      11.4382      10.4520    
  10.6808      11.2777    
  22.6832      23.5733      23.9680      22.4102      19.0373      15.2183    
  12.3454      11.1489      11.8089      14.1575      17.5287      20.5526    
  21.6322      20.1225      16.8972      13.5171      11.0987      9.97775    
  9.91525      10.2410    
  22.3510      22.6832      22.6047      21.1597      18.4018      15.2646    
  12.8262      11.7721      12.3175      14.2683      16.9679      19.3005    
  20.1124      18.9553      16.4116      13.6009      11.4353      10.2752    
  9.97529      10.0449    
 -------------------------------------------------------------------------------

 the species c( 2) values are 
  100448.      102407.      112771.      136658.      176098.      226953.    
  276978.      309652.      314739.      296807.      272645.      261272.    
  276476.      324295.      401160.      491367.      569655.      614329.    
  623656.      618853.    
  99752.4      99189.0      106865.      129856.      171927.      230078.    
  289846.      328400.      330373.      302019.      266305.      246705.    
  258400.      308645.      395880.      503363.      597570.      645564.    
  643049.      623656.    
  102751.      99837.0      104613.      125793.      168574.      231307.    
  298260.      341336.      340537.      303711.      259161.      233452.    
  241985.      292555.      385691.      504906.      610373.      659334.    
  645564.      614329.    
  114353.      111044.      114470.      132555.      169812.      224819.    
  283949.      322776.      323808.      293686.      256820.      236127.    
  244875.      289836.      371584.      475886.      567986.      610373.    
  597570.      569655.    
  136009.      135199.      139639.      152923.      177146.      211383.    
  248201.      274719.      281914.      273213.      261318.      258349.    
  271333.      303806.      355902.      419563.      475886.      504906.    
  503363.      491367.    
  164116.      168959.      177196.      184217.      189726.      196560.    
  206601.      219110.      233201.      250128.      271312.      294604.    
  314913.      329715.      341975.      355902.      371584.      385691.    
  395880.      401160.    
  189553.      201176.      214498.      215316.      202291.      184935.    
  174106.      176380.      195016.      231118.      280354.      328552.    
  356145.      353447.      329715.      303806.      289836.      292555.    
  308645.      324295.    
  201124.      216256.      232059.      229211.      206394.      177372.    
  157303.      155043.      174838.      218100.      279027.      338216.    
  368399.      356145.      314913.      271333.      244875.      241985.    
  258400.      276476.    
  193005.      205470.      218451.      216019.      197108.      173085.    
  156665.      155457.      173090.      210537.      262511.      312564.    
  338216.      328552.      294604.      258349.      236127.      233452.    
  246705.      261272.    
  169679.      175264.      182043.      183146.      178157.      171996.    
  169909.      174565.      187073.      208035.      235551.      262511.    
  279027.      280354.      271312.      261318.      256820.      259161.    
  266305.      272645.    
  142682.      141594.      142791.      148029.      158374.      173837.    
  191283.      204750.      210142.      209336.      208035.      210537.    
  218100.      231118.      250128.      273213.      293686.      303711.    
  302019.      296807.    
  123174.      118141.      116212.      124123.      144595.      176054.    
  209695.      230839.      229518.      210142.      187073.      173090.    
  174838.      195016.      233201.      281914.      323808.      340537.    
  330373.      314739.    
  117720.      111552.      108547.      116731.      139392.      174823.    
  212674.      235340.      230839.      204750.      174565.      155457.    
  155043.      176380.      219110.      274719.      322776.      341336.    
  328400.      309652.    
  128262.      123500.      121024.      126791.      143210.      168919.    
  196275.      212674.      209695.      191283.      169909.      156665.    
  157303.      174106.      206601.      248201.      283949.      298260.    
  289846.      276978.    
  152645.      152193.      152270.      153035.      155587.      161243.    
  168919.      174823.      176054.      173837.      171996.      173085.    
  177372.      184935.      196560.      211383.      224819.      231307.    
  230078.      226953.    
  184018.      190342.      194994.      189081.      173343.      155587.    
  143210.      139392.      144595.      158374.      178157.      197108.    
  206394.      202291.      189726.      177146.      169812.      168574.    
  171927.      176098.    
  211597.      224042.      232847.      220720.      189081.      153035.    
  126791.      116731.      124123.      148029.      183146.      216019.    
  229211.      215316.      184217.      152923.      132555.      125793.    
  129856.      136658.    
  226047.      239617.      248351.      232847.      194994.      152270.    
  121024.      108547.      116212.      142791.      182043.      218451.    
  232059.      214498.      177196.      139639.      114470.      104613.    
  106865.      112771.    
  226832.      235693.      239617.      224042.      190342.      152193.    
  123500.      111552.      118141.      141594.      175264.      205470.    
  216256.      201176.      168959.      135199.      111044.      99837.0    
  99189.0      102407.    
  223510.      226832.      226047.      211597.      184018.      152645.    
  128262.      117720.      123174.      142682.      169679.      193005.    
  201124.      189553.      164116.      136009.      114353.      102751.    
  99752.4      100448.    
 -------------------------------------------------------------------------------


 -------------------------------------------------------------------------------
                              At time t =   0.70000000E+01
 -------------------------------------------------------------------------------
 the species c( 1) values are 
  10.0449      10.2410      11.2777      13.6666      17.6109      22.6967    
  27.6994      30.9671      31.4761      29.6832      27.2672      26.1302    
  27.6509      32.4330      40.1198      49.1407      56.9697      61.4374    
  62.3703      61.8903    
  9.97529      9.91525      10.6808      12.9806      17.1907      23.0101    
  28.9909      32.8482      33.0447      30.2063      26.6310      24.6680    
  25.8367      30.8631      39.5905      50.3432      59.7669      64.5669    
  64.3133      62.3703    
  10.2752      9.97775      10.4520      12.5708      16.8536      23.1336    
  29.8349      34.1454      34.0641      30.3766      25.9153      23.3394    
  24.1913      29.2512      38.5708      50.4990      61.0503      65.9472    
  64.5669      61.4374    
  11.4353      11.0987      11.4382      13.2474      16.9776      22.4847    
  28.4034      32.2888      32.3906      29.3737      25.6812      23.6072    
  24.4807      28.9795      37.1600      47.5965      56.8109      61.0503    
  59.7669      56.9697    
  13.6009      13.5171      13.9595      15.2884      17.7131      21.1403    
  24.8251      27.4783      28.1973      27.3249      26.1323      25.8331    
  27.1309      30.3797      35.5923      41.9619      47.5965      50.4990    
  50.3432      49.1407    
  16.4116      16.8972      17.7217      18.4239      18.9743      19.6567    
  20.6601      21.9107      23.3203      25.0140      27.1337      29.4641    
  31.4954      32.9754      34.2006      35.5923      37.1600      38.5708    
  39.5905      40.1198    
  18.9553      20.1225      21.4577      21.5392      20.2336      18.4932    
  17.4061      17.6316      19.4967      23.1110      28.0398      32.8637    
  35.6244      35.3528      32.9754      30.3797      28.9795      29.2512    
  30.8631      32.4330    
  20.1124      21.6322      23.2164      22.9312      20.6450      17.7364    
  15.7237      15.4952      17.4765      21.8082      27.9078      33.8322    
  36.8523      35.6244      31.4954      27.1309      24.4807      24.1913    
  25.8367      27.6509    
  19.3005      20.5526      21.8539      21.6104      19.7157      17.3079    
  15.6610      15.5381      17.3030      21.0523      26.2555      31.2655    
  33.8322      32.8637      29.4641      25.8331      23.6072      23.3394    
  24.6680      26.1302    
  16.9679      17.5287      18.2079      18.3182      17.8179      17.1998    
  16.9892      17.4542      18.7056      20.8038      23.5577      26.2555    
  27.9078      28.0398      27.1337      26.1323      25.6812      25.9153    
  26.6310      27.2672    
  14.2683      14.1575      14.2761      14.8002      15.8363      17.3849    
  19.1316      20.4793      21.0181      20.9359      20.8038      21.0523    
  21.8082      23.1110      25.0140      27.3249      29.3737      30.3766    
  30.2063      29.6832    
  12.3175      11.8089      11.6130      12.4047      14.4558      17.6075    
  20.9767      23.0935      22.9601      21.0181      18.7056      17.3030    
  17.4765      19.4967      23.3203      28.1973      32.3906      34.0641    
  33.0447      31.4761    
  11.7721      11.1489      10.8449      11.6638      13.9347      17.4845    
  21.2757      23.5452      23.0935      20.4793      17.4542      15.5381    
  15.4952      17.6316      21.9107      27.4783      32.2888      34.1454    
  32.8482      30.9671    
  12.8262      12.3454      12.0951      12.6723      14.3177      16.8936    
  19.6338      21.2757      20.9767      19.1316      16.9892      15.6610    
  15.7237      17.4061      20.6601      24.8251      28.4034      29.8349    
  28.9909      27.6994    
  15.2646      15.2183      15.2255      15.3021      15.5582      16.1250    
  16.8936      17.4845      17.6075      17.3849      17.1998      17.3079    
  17.7364      18.4932      19.6567      21.1403      22.4847      23.1336    
  23.0101      22.6967    
  18.4018      19.0373      19.5044      18.9129      17.3369      15.5582    
  14.3177      13.9347      14.4558      15.8363      17.8179      19.7157    
  20.6450      20.2336      18.9743      17.7131      16.9776      16.8536    
  17.1907      17.6109    
  21.1597      22.4102      23.2941      22.0809      18.9129      15.3021    
  12.6723      11.6638      12.4047      14.8002      18.3182      21.6104    
  22.9312      21.5392      18.4239      15.2884      13.2474      12.5708    
  12.9806      13.6666    
  22.6047      23.9680      24.8450      23.2941      19.5044      15.2255    
  12.0951      10.8449      11.6130      14.2761      18.2079      21.8539    
  23.2164      21.4577      17.7217      13.9595      11.4382      10.4520    
  10.6808      11.2777    
  22.6832      23.5733      23.9680      22.4102      19.0373      15.2183    
  12.3454      11.1489      11.8089      14.1575      17.5287      20.5526    
  21.6322      20.1225      16.8972      13.5171      11.0987      9.97775    
  9.91525      10.2410    
  22.3510      22.6832      22.6047      21.1597      18.4018      15.2646    
  12.8262      11.7721      12.3175      14.2683      16.9679      19.3005    
  20.1124      18.9553      16.4116      13.6009      11.4353      10.2752    
  9.97529      10.0449    
 -------------------------------------------------------------------------------

 the species c( 2) values are 
  100448.      102407.      112771.      136658.      176098.      226953.    
  276978.      309652.      314739.      296807.      272645.      261272.    
  276476.      324295.      401160.      491367.      569655.      614329.    
  623656.      618853.    
  99752.4      99189.0      106865.      129856.      171927.      230078.    
  289846.      328400.      330373.      302019.      266305.      246705.    
  258400.      308645.      395880.      503363.      597570.      645564.    
  643049.      623656.    
  102751.      99837.0      104613.      125793.      168574.      231307.    
  298260.      341336.      340537.      303711.      259161.      233452.    
  241985.      292555.      385691.      504906.      610373.      659334.    
  645564.      614329.    
  114353.      111044.      114470.      132555.      169812.      224819.    
  283949.      322776.      323808.      293686.      256820.      236127.    
  244875.      289836.      371584.      475886.      567986.      610373.    
  597570.      569655.    
  136009.      135199.      139639.      152923.      177146.      211383.    
  248201.      274719.      281914.      273213.      261318.      258349.    
  271333.      303806.      355902.      419563.      475886.      504906.    
  503363.      491367.    
  164116.      168959.      177196.      184217.      189726.      196560.    
  206601.      219110.      233201.      250128.      271312.      294604.    
  314913.      329715.      341975.      355902.      371584.      385691.    
  395880.      401160.    
  189553.      201176.      214498.      215316.      202291.      184935.    
  174106.      176380.      195016.      231118.      280354.      328552.    
  356145.      353447.      329715.      303806.      289836.      292555.    
  308645.      324295.    
  201124.      216256.      232059.      229211.      206394.      177372.    
  157303.      155043.      174838.      218100.      279027.      338216.    
  368399.      356145.      314913.      271333.      244875.      241985.    
  258400.      276476.    
  193005.      205470.      218451.      216019.      197108.      173085.    
  156665.      155457.      173090.      210537.      262511.      312564.    
  338216.      328552.      294604.      258349.      236127.      233452.    
  246705.      261272.    
  169679.      175264.      182043.      183146.      178157.      171996.    
  169909.      174565.      187073.      208035.      235551.      262511.    
  279027.      280354.      271312.      261318.      256820.      259161.    
  266305.      272645.    
  142682.      141594.      142791.      148029.      158374.      173837.    
  191283.      204750.      210142.      209336.      208035.      210537.    
  218100.      231118.      250128.      273213.      293686.      303711.    
  302019.      296807.    
  123174.      118141.      116212.      124123.      144595.      176054.    
  209695.      230839.      229518.      210142.      187073.      173090.    
  174838.      195016.      233201.      281914.      323808.      340537.    
  330373.      314739.    
  117720.      111552.      108547.      116731.      139392.      174823.    
  212674.      235340.      230839.      204750.      174565.      155457.    
  155043.      176380.      219110.      274719.      322776.      341336.    
  328400.      309652.    
  128262.      123500.      121024.      126791.      143210.      168919.    
  196275.      212674.      209695.      191283.      169909.      156665.    
  157303.      174106.      206601.      248201.      283949.      298260.    
  289846.      276978.    
  152645.      152193.      152270.      153035.      155587.      161243.    
  168919.      174823.      176054.      173837.      171996.      173085.    
  177372.      184935.      196560.      211383.      224819.      231307.    
  230078.      226953.    
  184018.      190342.      194994.      189081.      173343.      155587.    
  143210.      139392.      144595.      158374.      178157.      197108.    
  206394.      202291.      189726.      177146.      169812.      168574.    
  171927.      176098.    
  211597.      224042.      232847.      220720.      189081.      153035.    
  126791.      116731.      124123.      148029.      183146.      216019.    
  229211.      215316.      184217.      152923.      132555.      125793.    
  129856.      136658.    
  226047.      239617.      248351.      232847.      194994.      152270.    
  121024.      108547.      116212.      142791.      182043.      218451.    
  232059.      214498.      177196.      139639.      114470.      104613.    
  106865.      112771.    
  226832.      235693.      239617.      224042.      190342.      152193.    
  123500.      111552.      118141.      141594.      175264.      205470.    
  216256.      201176.      168959.      135199.      111044.      99837.0    
  99189.0      102407.    
  223510.      226832.      226047.      211597.      184018.      152645.    
  128262.      117720.      123174.      142682.      169679.      193005.    
  201124.      189553.      164116.      136009.      114353.      102751.    
  99752.4      100448.    
 -------------------------------------------------------------------------------


 -------------------------------------------------------------------------------
                              At time t =   0.10000000E+02
 -------------------------------------------------------------------------------
 the species c( 1) values are 
  10.0449      10.2410      11.2777      13.6666      17.6109      22.6967    
  27.6994      30.9671      31.4761      29.6832      27.2672      26.1302    
  27.6509      32.4330      40.1198      49.1407      56.9697      61.4374    
  62.3703      61.8903    
  9.97529      9.91525      10.6808      12.9806      17.1907      23.0101    
  28.9909      32.8482      33.0447      30.2063      26.6310      24.6680    
  25.8367      30.8631      39.5905      50.3432      59.7669      64.5669    
  64.3133      62.3703    
  10.2752      9.97775      10.4520      12.5708      16.8536      23.1336    
  29.8349      34.1454      34.0641      30.3766      25.9153      23.3394    
  24.1913      29.2512      38.5708      50.4990      61.0503      65.9472    
  64.5669      61.4374    
  11.4353      11.0987      11.4382      13.2474      16.9776      22.4847    
  28.4034      32.2888      32.3906      29.3737      25.6812      23.6072    
  24.4807      28.9795      37.1600      47.5965      56.8109      61.0503    
  59.7669      56.9697    
  13.6009      13.5171      13.9595      15.2884      17.7131      21.1403    
  24.8251      27.4783      28.1973      27.3249      26.1323      25.8331    
  27.1309      30.3797      35.5923      41.9619      47.5965      50.4990    
  50.3432      49.1407    
  16.4116      16.8972      17.7217      18.4239      18.9743      19.6567    
  20.6601      21.9107      23.3203      25.0140      27.1337      29.4641    
  31.4954      32.9754      34.2006      35.5923      37.1600      38.5708    
  39.5905      40.1198    
  18.9553      20.1225      21.4577      21.5392      20.2336      18.4932    
  17.4061      17.6316      19.4967      23.1110      28.0398      32.8637    
  35.6244      35.3528      32.9754      30.3797      28.9795      29.2512    
  30.8631      32.4330    
  20.1124      21.6322      23.2164      22.9312      20.6450      17.7364    
  15.7237      15.4952      17.4765      21.8082      27.9078      33.8322    
  36.8523      35.6244      31.4954      27.1309      24.4807      24.1913    
  25.8367      27.6509    
  19.3005      20.5526      21.8539      21.6104      19.7157      17.3079    
  15.6610      15.5381      17.3030      21.0523      26.2555      31.2655    
  33.8322      32.8637      29.4641      25.8331      23.6072      23.3394    
  24.6680      26.1302    
  16.9679      17.5287      18.2079      18.3182      17.8179      17.1998    
  16.9892      17.4542      18.7056      20.8038      23.5577      26.2555    
  27.9078      28.0398      27.1337      26.1323      25.6812      25.9153    
  26.6310      27.2672    
  14.2683      14.1575      14.2761      14.8002      15.8363      17.3849    
  19.1316      20.4793      21.0181      20.9359      20.8038      21.0523    
  21.8082      23.1110      25.0140      27.3249      29.3737      30.3766    
  30.2063      29.6832    
  12.3175      11.8089      11.6130      12.4047      14.4558      17.6075    
  20.9767      23.0935      22.9601      21.0181      18.7056      17.3030    
  17.4765      19.4967      23.3203      28.1973      32.3906      34.0641    
  33.0447      31.4761    
  11.7721      11.1489      10.8449      11.6638      13.9347      17.4845    
  21.2757      23.5452      23.0935      20.4793      17.4542      15.5381    
  15.4952      17.6316      21.9107      27.4783      32.2888      34.1454    
  32.8482      30.9671    
  12.8262      12.3454      12.0951      12.6723      14.3177      16.8936    
  19.6338      21.2757      20.9767      19.1316      16.9892      15.6610    
  15.7237      17.4061      20.6601      24.8251      28.4034      29.8349    
  28.9909      27.6994    
  15.2646      15.2183      15.2255      15.3021      15.5582      16.1250    
  16.8936      17.4845      17.6075      17.3849      17.1998      17.3079    
  17.7364      18.4932      19.6567      21.1403      22.4847      23.1336    
  23.0101      22.6967    
  18.4018      19.0373      19.5044      18.9129      17.3369      15.5582    
  14.3177      13.9347      14.4558      15.8363      17.8179      19.7157    
  20.6450      20.2336      18.9743      17.7131      16.9776      16.8536    
  17.1907      17.6109    
  21.1597      22.4102      23.2941      22.0809      18.9129      15.3021    
  12.6723      11.6638      12.4047      14.8002      18.3182      21.6104    
  22.9312      21.5392      18.4239      15.2884      13.2474      12.5708    
  12.9806      13.6666    
  22.6047      23.9680      24.8450      23.2941      19.5044      15.2255    
  12.0951      10.8449      11.6130      14.2761      18.2079      21.8539    
  23.2164      21.4577      17.7217      13.9595      11.4382      10.4520    
  10.6808      11.2777    
  22.6832      23.5733      23.9680      22.4102      19.0373      15.2183    
  12.3454      11.1489      11.8089      14.1575      17.5287      20.5526    
  21.6322      20.1225      16.8972      13.5171      11.0987      9.97775    
  9.91525      10.2410    
  22.3510      22.6832      22.6047      21.1597      18.4018      15.2646    
  12.8262      11.7721      12.3175      14.2683      16.9679      19.3005    
  20.1124      18.9553      16.4116      13.6009      11.4353      10.2752    
  9.97529      10.0449    
 -------------------------------------------------------------------------------

 the species c( 2) values are 
  100448.      102407.      112771.      136658.      176098.      226953.    
  276978.      309652.      314739.      296807.      272645.      261272.    
  276476.      324295.      401160.      491367.      569655.      614329.    
  623656.      618853.    
  99752.4      99189.0      106865.      129856.      171927.      230078.    
  289846.      328400.      330373.      302019.      266305.      246705.    
  258400.      308645.      395880.      503363.      597570.      645564.    
  643049.      623656.    
  102751.      99837.0      104613.      125793.      168574.      231307.    
  298260.      341336.      340537.      303711.      259161.      233452.    
  241985.      292555.      385691.      504906.      610373.      659334.    
  645564.      614329.    
  114353.      111044.      114470.      132555.      169812.      224819.    
  283949.      322776.      323808.      293686.      256820.      236127.    
  244875.      289836.      371584.      475886.      567986.      610373.    
  597570.      569655.    
  136009.      135199.      139639.      152923.      177146.      211383.    
  248201.      274719.      281914.      273213.      261318.      258349.    
  271333.      303806.      355902.      419563.      475886.      504906.    
  503363.      491367.    
  164116.      168959.      177196.      184217.      189726.      196560.    
  206601.      219110.      233201.      250128.      271312.      294604.    
  314913.      329715.      341975.      355902.      371584.      385691.    
  395880.      401160.    
  189553.      201176.      214498.      215316.      202291.      184935.    
  174106.      176380.      195016.      231118.      280354.      328552.    
  356145.      353447.      329715.      303806.      289836.      292555.    
  308645.      324295.    
  201124.      216256.      232059.      229211.      206394.      177372.    
  157303.      155043.      174838.      218100.      279027.      338216.    
  368399.      356145.      314913.      271333.      244875.      241985.    
  258400.      276476.    
  193005.      205470.      218451.      216019.      197108.      173085.    
  156665.      155457.      173090.      210537.      262511.      312564.    
  338216.      328552.      294604.      258349.      236127.      233452.    
  246705.      261272.    
  169679.      175264.      182043.      183146.      178157.      171996.    
  169909.      174565.      187073.      208035.      235551.      262511.    
  279027.      280354.      271312.      261318.      256820.      259161.    
  266305.      272645.    
  142682.      141594.      142791.      148029.      158374.      173837.    
  191283.      204750.      210142.      209336.      208035.      210537.    
  218100.      231118.      250128.      273213.      293686.      303711.    
  302019.      296807.    
  123174.      118141.      116212.      124123.      144595.      176054.    
  209695.      230839.      229518.      210142.      187073.      173090.    
  174838.      195016.      233201.      281914.      323808.      340537.    
  330373.      314739.    
  117720.      111552.      108547.      116731.      139392.      174823.    
  212674.      235340.      230839.      204750.      174565.      155457.    
  155043.      176380.      219110.      274719.      322776.      341336.    
  328400.      309652.    
  128262.      123500.      121024.      126791.      143210.      168919.    
  196275.      212674.      209695.      191283.      169909.      156665.    
  157303.      174106.      206601.      248201.      283949.      298260.    
  289846.      276978.    
  152645.      152193.      152270.      153035.      155587.      161243.    
  168919.      174823.      176054.      173837.      171996.      173085.    
  177372.      184935.      196560.      211383.      224819.      231307.    
  230078.      226953.    
  184018.      190342.      194994.      189081.      173343.      155587.    
  143210.      139392.      144595.      158374.      178157.      197108.    
  206394.      202291.      189726.      177146.      169812.      168574.    
  171927.      176098.    
  211597.      224042.      232847.      220720.      189081.      153035.    
  126791.      116731.      124123.      148029.      183146.      216019.    
  229211.      215316.      184217.      152923.      132555.      125793.    
  129856.      136658.    
  226047.      239617.      248351.      232847.      194994.      152270.    
  121024.      108547.      116212.      142791.      182043.      218451.    
  232059.      214498.      177196.      139639.      114470.      104613.    
  106865.      112771.    
  226832.      235693.      239617.      224042.      190342.      152193.    
  123500.      111552.      118141.      141594.      175264.      205470.    
  216256.      201176.      168959.      135199.      111044.      99837.0    
  99189.0      102407.    
  223510.      226832.      226047.      211597.      184018.      152645.    
  128262.      117720.      123174.      142682.      169679.      193005.    
  201124.      189553.      164116.      136009.      114353.      102751.    
  99752.4      100448.    
 -------------------------------------------------------------------------------

