 DHEATILU: Heat Equation Example Program for DDASKR

    M+2 by M+2 mesh, M = 10,  System size NEQ = 144
    Root functions are: R1 = max(u) - 0.1 and R2 = max(u) - 0.01

    Linear solver method flag INFO(12) =  1    (0 = direct, 1 = Krylov)
    Preconditioner is a sparse approximation with ML =  1  MU =  1
    Incomplete factorization option = 1    (1 = ILUT, 2 = ILUTP)
    Tolerances are RTOL =   0.0E+00   ATOL =   0.1E-04


     t            UMAX        NQ        H        STEPS     NNI     NLI

    0.10000E-01  0.8314E+00    4     0.146E-02     27       40      25
    0.20000E-01  0.6943E+00    5     0.146E-02     34       48      34
    0.40000E-01  0.4746E+00    4     0.292E-02     43       59      48
    0.80000E-01  0.2174E+00    4     0.526E-02     53       72      64
    0.11962E+00  0.1000E+00    5     0.105E-01     59       80      77
                    *****   Root found, JROOT = -1  0
    0.16000E+00  0.4531E-01    5     0.105E-01     63       84      88
    0.23707E+00  0.1000E-01    5     0.105E-01     70       91     106
                    *****   Root found, JROOT =  0 -1
    0.32000E+00  0.1967E-02    5     0.105E-01     78       99     123
    0.64000E+00  0.4039E-05    2     0.421E-01     94      119     193
    0.12800E+01  0.7758E-06    1     0.336E+00     98      126     220
    0.25600E+01  0.4790E-06    1     0.135E+01    100      130     229
    0.51200E+01  0.4433E-06    1     0.269E+01    101      132     237
    0.10240E+02  0.6703E-06    1     0.538E+01    102      134     246


 Final statistics for this run..
   RWORK size = 5293   IWORK size =4508
   Number of time steps ................ =  102
   Number of residual evaluations ...... =  380
   Number of res. evals. for precond.    =   72
   Number of root function evaluations . =  142
   Number of preconditioner evaluations  =   24
   Number of preconditioner solves ..... =  380
   Number of nonlinear iterations ...... =  134
   Number of linear iterations ......... =  246
   Average Krylov subspace dimension =  1.8358
    0 nonlinear conv. failures,    0 linear conv. failures
 Minimum lengths for work arrays WP and IWP:    2448    4321
